<?xml version="1.0" encoding="UTF-8"?>
<testng-results ignored="0" total="1" passed="1" failed="0" skipped="0">
  <reporter-output>
  </reporter-output>
  <suite started-at="2021-01-20T21:18:49 ICT" name="Default suite" finished-at="2021-01-20T21:19:14 ICT" duration-ms="24989">
    <groups>
    </groups>
    <test started-at="2021-01-20T21:18:49 ICT" name="Default test" finished-at="2021-01-20T21:19:14 ICT" duration-ms="24989">
      <class name="Tiki.TikiTest">
        <test-method is-config="true" signature="beforeMethod()[pri:0, instance:Tiki.TikiTest@51f116b8]" started-at="2021-01-20T21:18:49 ICT" name="beforeMethod" finished-at="2021-01-20T21:18:54 ICT" duration-ms="5511" status="PASS">
          <reporter-output>
          </reporter-output>
        </test-method> <!-- beforeMethod -->
        <test-method signature="TC_TK01()[pri:0, instance:Tiki.TikiTest@51f116b8]" started-at="2021-01-20T21:18:54 ICT" name="TC_TK01" finished-at="2021-01-20T21:19:13 ICT" duration-ms="18724" status="PASS">
          <reporter-output>
          </reporter-output>
        </test-method> <!-- TC_TK01 -->
        <test-method is-config="true" signature="afterMethod()[pri:0, instance:Tiki.TikiTest@51f116b8]" started-at="2021-01-20T21:19:13 ICT" name="afterMethod" finished-at="2021-01-20T21:19:14 ICT" duration-ms="733" status="PASS">
          <reporter-output>
          </reporter-output>
        </test-method> <!-- afterMethod -->
      </class> <!-- Tiki.TikiTest -->
    </test> <!-- Default test -->
  </suite> <!-- Default suite -->
</testng-results>
