<?xml version="1.0" encoding="UTF-8"?>
<testng-results ignored="0" total="2" passed="2" failed="0" skipped="0">
  <reporter-output>
  </reporter-output>
  <suite started-at="2020-12-16T22:17:59 ICT" name="Default suite" finished-at="2020-12-16T22:18:22 ICT" duration-ms="23025">
    <groups>
    </groups>
    <test started-at="2020-12-16T22:17:59 ICT" name="Default test" finished-at="2020-12-16T22:18:22 ICT" duration-ms="23025">
      <class name="Railway.LoginTest">
        <test-method is-config="true" signature="beforeMethod()[pri:0, instance:Railway.LoginTest@273e7444]" started-at="2020-12-16T22:17:59 ICT" name="beforeMethod" finished-at="2020-12-16T22:18:05 ICT" duration-ms="5508" status="PASS">
          <reporter-output>
          </reporter-output>
        </test-method> <!-- beforeMethod -->
        <test-method signature="TC01()[pri:0, instance:Railway.LoginTest@273e7444]" started-at="2020-12-16T22:18:05 ICT" name="TC01" finished-at="2020-12-16T22:18:10 ICT" duration-ms="5438" status="PASS">
          <reporter-output>
          </reporter-output>
        </test-method> <!-- TC01 -->
        <test-method is-config="true" signature="afterMethod()[pri:0, instance:Railway.LoginTest@273e7444]" started-at="2020-12-16T22:18:10 ICT" name="afterMethod" finished-at="2020-12-16T22:18:11 ICT" duration-ms="727" status="PASS">
          <reporter-output>
          </reporter-output>
        </test-method> <!-- afterMethod -->
        <test-method is-config="true" signature="beforeMethod()[pri:0, instance:Railway.LoginTest@273e7444]" started-at="2020-12-16T22:18:11 ICT" name="beforeMethod" finished-at="2020-12-16T22:18:16 ICT" duration-ms="5129" status="PASS">
          <reporter-output>
          </reporter-output>
        </test-method> <!-- beforeMethod -->
        <test-method signature="TC02()[pri:0, instance:Railway.LoginTest@273e7444]" started-at="2020-12-16T22:18:16 ICT" name="TC02" finished-at="2020-12-16T22:18:22 ICT" duration-ms="5587" status="PASS">
          <reporter-output>
          </reporter-output>
        </test-method> <!-- TC02 -->
        <test-method is-config="true" signature="afterMethod()[pri:0, instance:Railway.LoginTest@273e7444]" started-at="2020-12-16T22:18:22 ICT" name="afterMethod" finished-at="2020-12-16T22:18:22 ICT" duration-ms="612" status="PASS">
          <reporter-output>
          </reporter-output>
        </test-method> <!-- afterMethod -->
      </class> <!-- Railway.LoginTest -->
    </test> <!-- Default test -->
  </suite> <!-- Default suite -->
</testng-results>
